Determining if the pthread_create exist failed with the following output:
Change Dir: /home/jean/Documents/ceres/1/b/CMakeFiles/CMakeTmp

Run Build Command:"/usr/bin/make" "cmTC_648dc/fast"
/usr/bin/make -f CMakeFiles/cmTC_648dc.dir/build.make CMakeFiles/cmTC_648dc.dir/build
make[1]: Entering directory `/home/jean/Documents/ceres/1/b/CMakeFiles/CMakeTmp'
Building C object CMakeFiles/cmTC_648dc.dir/CheckSymbolExists.c.o
/usr/bin/cc     -o CMakeFiles/cmTC_648dc.dir/CheckSymbolExists.c.o   -c /home/jean/Documents/ceres/1/b/CMakeFiles/CMakeTmp/CheckSymbolExists.c
Linking C executable cmTC_648dc
/usr/bin/cmake -E cmake_link_script CMakeFiles/cmTC_648dc.dir/link.txt --verbose=1
/usr/bin/cc       CMakeFiles/cmTC_648dc.dir/CheckSymbolExists.c.o  -o cmTC_648dc -rdynamic 
CMakeFiles/cmTC_648dc.dir/CheckSymbolExists.c.o: In function `main':
CheckSymbolExists.c:(.text+0x16): undefined reference to `pthread_create'
collect2: error: ld returned 1 exit status
make[1]: *** [cmTC_648dc] Error 1
make[1]: Leaving directory `/home/jean/Documents/ceres/1/b/CMakeFiles/CMakeTmp'
make: *** [cmTC_648dc/fast] Error 2

File /home/jean/Documents/ceres/1/b/CMakeFiles/CMakeTmp/CheckSymbolExists.c:
/* */
#include <pthread.h>

int main(int argc, char** argv)
{
  (void)argv;
#ifndef pthread_create
  return ((int*)(&pthread_create))[argc];
#else
  (void)argc;
  return 0;
#endif
}

Determining if the function pthread_create exists in the pthreads failed with the following output:
Change Dir: /home/jean/Documents/ceres/1/b/CMakeFiles/CMakeTmp

Run Build Command:"/usr/bin/make" "cmTC_45b22/fast"
/usr/bin/make -f CMakeFiles/cmTC_45b22.dir/build.make CMakeFiles/cmTC_45b22.dir/build
make[1]: Entering directory `/home/jean/Documents/ceres/1/b/CMakeFiles/CMakeTmp'
Building C object CMakeFiles/cmTC_45b22.dir/CheckFunctionExists.c.o
/usr/bin/cc    -DCHECK_FUNCTION_EXISTS=pthread_create   -o CMakeFiles/cmTC_45b22.dir/CheckFunctionExists.c.o   -c /usr/share/cmake-3.5/Modules/CheckFunctionExists.c
Linking C executable cmTC_45b22
/usr/bin/cmake -E cmake_link_script CMakeFiles/cmTC_45b22.dir/link.txt --verbose=1
/usr/bin/cc   -DCHECK_FUNCTION_EXISTS=pthread_create    CMakeFiles/cmTC_45b22.dir/CheckFunctionExists.c.o  -o cmTC_45b22 -rdynamic -lpthreads 
/usr/bin/ld: cannot find -lpthreads
collect2: error: ld returned 1 exit status
make[1]: *** [cmTC_45b22] Error 1
make[1]: Leaving directory `/home/jean/Documents/ceres/1/b/CMakeFiles/CMakeTmp'
make: *** [cmTC_45b22/fast] Error 2


